\BOOKMARK [1][-]{section*.2}{\376\377\000I\000n\000t\000r\000o\000d\000u\000c\000t\000i\000o\000n}{}% 1
\BOOKMARK [2][-]{section*.3}{\376\377\000T\000e\000x\000t\000b\000o\000o\000k\000s}{section*.2}% 2
\BOOKMARK [2][-]{section*.5}{\376\377\000W\000h\000a\000t\000\040\000i\000s\000\040\000t\000h\000i\000s\000\040\000D\000o\000c\000?}{section*.2}% 3
\BOOKMARK [1][-]{section*.6}{\376\377\000L\000e\000c\000t\000u\000r\000e\000\040\0001}{}% 4
\BOOKMARK [2][-]{section*.7}{\376\377\000O\000v\000e\000r\000v\000i\000e\000w\000\040\000o\000f\000\040\000t\000h\000e\000\040\000C\000o\000u\000r\000s\000e}{section*.6}% 5
\BOOKMARK [2][-]{section*.8}{\376\377\000L\000e\000a\000r\000n\000i\000n\000g\000\040\000O\000b\000j\000e\000c\000t\000i\000v\000e\000s}{section*.6}% 6
\BOOKMARK [2][-]{section*.9}{\376\377\000O\000u\000t\000l\000i\000n\000e\000\040\000o\000f\000\040\000t\000h\000e\000\040\000C\000o\000u\000r\000s\000e}{section*.6}% 7
\BOOKMARK [1][-]{section*.10}{\376\377\000L\000e\000c\000t\000u\000r\000e\000\040\0002}{}% 8
\BOOKMARK [2][-]{section*.11}{\376\377\000W\000h\000a\000t\000\040\000i\000s\000\040\000C\000o\000m\000p\000u\000t\000a\000t\000i\000o\000n\000?}{section*.10}% 9
\BOOKMARK [2][-]{section*.13}{\376\377\000I\000n\000p\000u\000t}{section*.10}% 10
\BOOKMARK [2][-]{section*.15}{\376\377\000O\000u\000t\000p\000u\000t}{section*.10}% 11
\BOOKMARK [2][-]{section*.17}{\376\377\000P\000r\000o\000c\000e\000d\000u\000r\000e}{section*.10}% 12
\BOOKMARK [2][-]{section*.19}{\376\377\000E\000x\000e\000r\000c\000i\000s\000e\000\040\000S\000o\000l\000u\000t\000i\000o\000n\000s}{section*.10}% 13
\BOOKMARK [1][-]{section*.20}{\376\377\000L\000e\000c\000t\000u\000r\000e\000\040\0003}{}% 14
\BOOKMARK [2][-]{section*.21}{\376\377\000F\000i\000n\000i\000t\000e\000\040\000A\000u\000t\000o\000m\000a\000t\000a}{section*.20}% 15
\BOOKMARK [2][-]{section*.22}{\376\377\000E\000x\000a\000m\000p\000l\000e\000s\000\040\000o\000f\000\040\000F\000i\000n\000i\000t\000e\000\040\000A\000u\000t\000o\000m\000a\000t\000a}{section*.20}% 16
\BOOKMARK [2][-]{section*.23}{\376\377\000D\000e\000t\000e\000r\000m\000i\000n\000i\000s\000t\000i\000c\000\040\000F\000i\000n\000i\000t\000e\000\040\000A\000u\000t\000o\000m\000a\000t\000a\000\040\000\050\000D\000F\000A\000\051}{section*.20}% 17
\BOOKMARK [1][-]{section*.24}{\376\377\000L\000e\000c\000t\000u\000r\000e\000\040\0004}{}% 18
\BOOKMARK [2][-]{section*.25}{\376\377\000D\000F\000A\000s\000\040\000c\000o\000n\000t\000i\000n\000u\000e\000d}{section*.24}% 19
\BOOKMARK [2][-]{section*.26}{\376\377\000A\000\040\000p\000r\000o\000o\000f\000\040\000u\000s\000i\000n\000g\000\040\000P\000M\000I}{section*.24}% 20
\BOOKMARK [2][-]{section*.27}{\376\377\000E\000x\000t\000e\000n\000d\000e\000d\000\040\000t\000r\000a\000n\000s\000i\000t\000i\000o\000n\000\040\000f\000u\000n\000c\000t\000i\000o\000n}{section*.24}% 21
\BOOKMARK [1][-]{section*.28}{\376\377\000L\000e\000c\000t\000u\000r\000e\000\040\0005}{}% 22
\BOOKMARK [2][-]{section*.29}{\376\377\000E\000x\000t\000e\000n\000d\000e\000d\000\040\000t\000r\000a\000n\000s\000i\000t\000i\000o\000n\000\040\000f\000u\000n\000c\000t\000i\000o\000n\000\040\000c\000o\000n\000t\000i\000n\000u\000e\000d}{section*.28}% 23
\BOOKMARK [2][-]{section*.30}{\376\377\000S\000o\000m\000e\000\040\000D\000e\000f\000i\000n\000i\000t\000i\000o\000n\000s}{section*.28}% 24
\BOOKMARK [2][-]{section*.31}{\376\377\000N\000o\000n\000d\000e\000t\000e\000r\000m\000i\000n\000i\000s\000t\000i\000c\000\040\000F\000i\000n\000i\000t\000e\000\040\000A\000u\000t\000o\000m\000a\000t\000a\000\040\000\050\000N\000F\000A\000\051}{section*.28}% 25
